#
# There is insufficient memory for the Java Runtime Environment to continue.
# Native memory allocation (mmap) failed to map 132120576 bytes for G1 virtual space
# Possible reasons:
#   The system is out of physical RAM or swap space
#   The process is running with CompressedOops enabled, and the Java Heap may be blocking the growth of the native heap
# Possible solutions:
#   Reduce memory load on the system
#   Increase physical memory or swap space
#   Check if swap backing store is full
#   Decrease Java heap size (-Xmx/-Xms)
#   Decrease number of Java threads
#   Decrease Java thread stack sizes (-Xss)
#   Set larger code cache with -XX:ReservedCodeCacheSize=
#   JVM is running with Unscaled Compressed Oops mode in which the Java heap is
#     placed in the first 4GB address space. The Java Heap base address is the
#     maximum limit for the native heap growth. Please use -XX:HeapBaseMinAddress
#     to set the Java Heap base and to place the Java Heap above 4GB virtual address.
# This output file may be truncated or incomplete.
#
#  Out of Memory Error (os_windows.cpp:3530), pid=16628, tid=12956
#
# JRE version:  (18.0.1.1+2) (build )
# Java VM: Java HotSpot(TM) 64-Bit Server VM (18.0.1.1+2-6, mixed mode, sharing, tiered, compressed oops, compressed class ptrs, g1 gc, windows-amd64)
# No core dump will be written. Minidumps are not enabled by default on client versions of Windows
#

---------------  S U M M A R Y ------------

Command Line: -Dfile.encoding=UTF-8 -XX:+ShowCodeDetailsInExceptionMessages aulas_e_exemplos.ex_faltasNotas

Host: Intel(R) Core(TM) i7-7600U CPU @ 2.80GHz, 4 cores, 7G,  Windows 10 , 64 bit Build 19041 (10.0.19041.2788)
Time: Tue Jun 27 21:33:54 2023 Hora oficial do Brasil elapsed time: 0.037833 seconds (0d 0h 0m 0s)

---------------  T H R E A D  ---------------

Current thread (0x0000017b76ca55d0):  JavaThread "Unknown thread" [_thread_in_vm, id=12956, stack(0x00000035f2400000,0x00000035f2500000)]

Stack: [0x00000035f2400000,0x00000035f2500000]
Native frames: (J=compiled Java code, j=interpreted, Vv=VM code, C=native code)
V  [jvm.dll+0x69887a]
V  [jvm.dll+0x7f38bd]
V  [jvm.dll+0x7f51ce]
V  [jvm.dll+0x7f5883]
V  [jvm.dll+0x25ca3f]
V  [jvm.dll+0x6957c9]
V  [jvm.dll+0x68a2fa]
V  [jvm.dll+0x321efb]
V  [jvm.dll+0x3298d6]
V  [jvm.dll+0x37e47e]
V  [jvm.dll+0x37e6af]
V  [jvm.dll+0x2f9c7a]
V  [jvm.dll+0x2facdd]
V  [jvm.dll+0x7c24f0]
V  [jvm.dll+0x38b801]
V  [jvm.dll+0x7a1203]
V  [jvm.dll+0x40d6bf]
V  [jvm.dll+0x40f091]
C  [jli.dll+0x526b]
C  [ucrtbase.dll+0x21bb2]
C  [KERNEL32.DLL+0x17604]
C  [ntdll.dll+0x526a1]


---------------  P R O C E S S  ---------------

Threads class SMR info:
_java_thread_list=0x00007ffa441dd550, length=0, elements={
}

Java Threads: ( => current thread )

Other Threads:
  0x0000017b76d03bb0 WorkerThread "GC Thread#0" [stack: 0x00000035f2500000,0x00000035f2600000] [id=15464]
  0x0000017b76d16510 ConcurrentGCThread "G1 Main Marker" [stack: 0x00000035f2600000,0x00000035f2700000] [id=4236]
  0x0000017b76d175b0 WorkerThread "G1 Conc#0" [stack: 0x00000035f2700000,0x00000035f2800000] [id=15712]

[error occurred during error reporting (printing all threads), id 0xc0000005, EXCEPTION_ACCESS_VIOLATION (0xc0000005) at pc=0x00007ffa43a0a217]

VM state: not at safepoint (not fully initialized)

VM Mutex/Monitor currently owned by a thread:  ([mutex/lock_event])
[0x0000017b76ca1b70] Heap_lock - owner thread: 0x0000017b76ca55d0

Heap address: 0x0000000082800000, size: 2008 MB, Compressed Oops mode: 32-bit

CDS archive(s) mapped at: [0x0000000000000000-0x0000000000000000-0x0000000000000000), size 0, SharedBaseAddress: 0x0000000800000000, ArchiveRelocationMode: 0.
Narrow klass base: 0x0000000000000000, Narrow klass shift: 0, Narrow klass range: 0x0

GC Precious Log:
 CardTable entry size: 512
 Card Set container configuration: InlinePtr #cards 5 size 8 Array Of Cards #cards 12 size 40 Howl #buckets 4 coarsen threshold 1843 Howl Bitmap #cards 512 size 80 coarsen threshold 460 Card regions per heap region 1 cards per card region 2048

Heap:
 garbage-first heap   total 0K, used 0K [0x0000000082800000, 0x0000000100000000)
  region size 1024K, 0 young (0K), 0 survivors (0K)

[error occurred during error reporting (printing heap information), id 0xc0000005, EXCEPTION_ACCESS_VIOLATION (0xc0000005) at pc=0x00007ffa43df0cb9]

GC Heap History (0 events):
No events

Deoptimization events (0 events):
No events

Classes loaded (0 events):
No events

Classes unloaded (0 events):
No events

Classes redefined (0 events):
No events

Internal exceptions (0 events):
No events

VM Operations (0 events):
No events

Events (1 events):
Event: 0.022 Loaded shared library C:\Program Files\Java\jdk-18.0.1.1\bin\java.dll


Dynamic libraries:
0x00007ff62dde0000 - 0x00007ff62ddf0000 	C:\Program Files\Java\jdk-18.0.1.1\bin\javaw.exe
0x00007ffab1e10000 - 0x00007ffab2008000 	C:\WINDOWS\SYSTEM32\ntdll.dll
0x00007ffab1070000 - 0x00007ffab112f000 	C:\WINDOWS\System32\KERNEL32.DLL
0x00007ffaafb90000 - 0x00007ffaafe6a000 	C:\WINDOWS\System32\KERNELBASE.dll
0x00007ffaaf6d0000 - 0x00007ffaaf7d0000 	C:\WINDOWS\System32\ucrtbase.dll
0x00007ffaa79e0000 - 0x00007ffaa79f8000 	C:\Program Files\Java\jdk-18.0.1.1\bin\jli.dll
0x00007ffaa4cb0000 - 0x00007ffaa4cca000 	C:\Program Files\Java\jdk-18.0.1.1\bin\VCRUNTIME140.dll
0x00007ffab08f0000 - 0x00007ffab099e000 	C:\WINDOWS\System32\ADVAPI32.dll
0x00007ffab0d10000 - 0x00007ffab0dae000 	C:\WINDOWS\System32\msvcrt.dll
0x00007ffab0b50000 - 0x00007ffab0bec000 	C:\WINDOWS\System32\sechost.dll
0x00007ffab01c0000 - 0x00007ffab02e6000 	C:\WINDOWS\System32\RPCRT4.dll
0x00007ffab0ec0000 - 0x00007ffab105d000 	C:\WINDOWS\System32\USER32.dll
0x00007ffaaf880000 - 0x00007ffaaf8a2000 	C:\WINDOWS\System32\win32u.dll
0x00007ffab11e0000 - 0x00007ffab120b000 	C:\WINDOWS\System32\GDI32.dll
0x00007ffa9df50000 - 0x00007ffa9e1ea000 	C:\WINDOWS\WinSxS\amd64_microsoft.windows.common-controls_6595b64144ccf1df_6.0.19041.1110_none_60b5254171f9507e\COMCTL32.dll
0x00007ffaaf5c0000 - 0x00007ffaaf6d0000 	C:\WINDOWS\System32\gdi32full.dll
0x00007ffaaf520000 - 0x00007ffaaf5bd000 	C:\WINDOWS\System32\msvcp_win.dll
0x00007ffaa2430000 - 0x00007ffaa243a000 	C:\WINDOWS\SYSTEM32\VERSION.dll
0x00007ffab0790000 - 0x00007ffab07c0000 	C:\WINDOWS\System32\IMM32.DLL
0x0000017b74bc0000 - 0x0000017b74bd4000 	C:\WINDOWS\System32\umppc16606.dll
0x00007ffaa77e0000 - 0x00007ffaa77ec000 	C:\Program Files\Java\jdk-18.0.1.1\bin\vcruntime140_1.dll
0x00007ffa80800000 - 0x00007ffa8088d000 	C:\Program Files\Java\jdk-18.0.1.1\bin\msvcp140.dll
0x00007ffa43700000 - 0x00007ffa44310000 	C:\Program Files\Java\jdk-18.0.1.1\bin\server\jvm.dll
0x00007ffaafe70000 - 0x00007ffaafe78000 	C:\WINDOWS\System32\PSAPI.DLL
0x00007ffaa3010000 - 0x00007ffaa3019000 	C:\WINDOWS\SYSTEM32\WSOCK32.dll
0x00007ffab09a0000 - 0x00007ffab0a0b000 	C:\WINDOWS\System32\WS2_32.dll
0x00007ffa9b010000 - 0x00007ffa9b037000 	C:\WINDOWS\SYSTEM32\WINMM.dll
0x00007ffaadf70000 - 0x00007ffaadf82000 	C:\WINDOWS\SYSTEM32\kernel.appcore.dll
0x00007ffaa3000000 - 0x00007ffaa300a000 	C:\Program Files\Java\jdk-18.0.1.1\bin\jimage.dll
0x00007ffa90690000 - 0x00007ffa90874000 	C:\WINDOWS\SYSTEM32\DBGHELP.DLL
0x00007ffa905e0000 - 0x00007ffa90614000 	C:\WINDOWS\SYSTEM32\dbgcore.DLL
0x00007ffaafa80000 - 0x00007ffaafb02000 	C:\WINDOWS\System32\bcryptPrimitives.dll
0x00007ffaa2fd0000 - 0x00007ffaa2ff5000 	C:\Program Files\Java\jdk-18.0.1.1\bin\java.dll

dbghelp: loaded successfully - version: 4.0.5 - missing functions: none
symbol engine: initialized successfully - sym options: 0x614 - pdb path: .;C:\Program Files\Java\jdk-18.0.1.1\bin;C:\WINDOWS\SYSTEM32;C:\WINDOWS\WinSxS\amd64_microsoft.windows.common-controls_6595b64144ccf1df_6.0.19041.1110_none_60b5254171f9507e;C:\Program Files\Java\jdk-18.0.1.1\bin\server

VM Arguments:
jvm_args: -Dfile.encoding=UTF-8 -XX:+ShowCodeDetailsInExceptionMessages 
java_command: aulas_e_exemplos.ex_faltasNotas
java_class_path (initial): C:\Users\3262.343\Desktop\TDS23\JAVA\AULAS\bin
Launcher Type: SUN_STANDARD

[Global flags]
     intx CICompilerCount                          = 3                                         {product} {ergonomic}
     uint ConcGCThreads                            = 1                                         {product} {ergonomic}
     uint G1ConcRefinementThreads                  = 4                                         {product} {ergonomic}
   size_t G1HeapRegionSize                         = 1048576                                   {product} {ergonomic}
    uintx GCDrainStackTargetSize                   = 64                                        {product} {ergonomic}
   size_t InitialHeapSize                          = 132120576                                 {product} {ergonomic}
   size_t MarkStackSize                            = 4194304                                   {product} {ergonomic}
   size_t MaxHeapSize                              = 2105540608                                {product} {ergonomic}
   size_t MinHeapDeltaBytes                        = 1048576                                   {product} {ergonomic}
   size_t MinHeapSize                              = 8388608                                   {product} {ergonomic}
    uintx NonNMethodCodeHeapSize                   = 5832780                                {pd product} {ergonomic}
    uintx NonProfiledCodeHeapSize                  = 122912730                              {pd product} {ergonomic}
    uintx ProfiledCodeHeapSize                     = 122912730                              {pd product} {ergonomic}
    uintx ReservedCodeCacheSize                    = 251658240                              {pd product} {ergonomic}
     bool SegmentedCodeCache                       = true                                      {product} {ergonomic}
     bool ShowCodeDetailsInExceptionMessages       = true                                   {manageable} {command line}
   size_t SoftMaxHeapSize                          = 2105540608                             {manageable} {ergonomic}
     bool UseCompressedClassPointers               = true                           {product lp64_product} {ergonomic}
     bool UseCompressedOops                        = true                           {product lp64_product} {ergonomic}
     bool UseG1GC                                  = true                                      {product} {ergonomic}
     bool UseLargePagesIndividualAllocation        = false                                  {pd product} {ergonomic}

Logging:
Log output configuration:
 #0: stdout all=warning uptime,level,tags foldmultilines=false
 #1: stderr all=off uptime,level,tags foldmultilines=false

Environment Variables:
PATH=C:\Program Files\Python310\Scripts\;C:\Program Files\Python310\;C:\Program Files\Common Files\Oracle\Java\javapath;C:\Program Files (x86)\Common Files\Oracle\Java\javapath;C:\WINDOWS\system32;C:\WINDOWS;C:\WINDOWS\System32\Wbem;C:\WINDOWS\System32\WindowsPowerShell\v1.0\;C:\WINDOWS\System32\OpenSSH\;C:\ProgramData\UNIVALI\Portugol Studio;C:\Program Files (x86)\Microsoft SQL Server\160\DTS\Binn\;C:\Program Files\Azure Data Studio\bin;C:\Program Files\Microsoft SQL Server\Client SDK\ODBC\130\Tools\Binn\;C:\Program Files (x86)\Microsoft SQL Server\130\Tools\Binn\;C:\Program Files\Microsoft SQL Server\130\Tools\Binn\;C:\Program Files\Microsoft SQL Server\130\DTS\Binn\;C:\Program Files\nodejs\;C:\Program Files\dotnet\;C:\Program Files\Microsoft SQL Server\Client SDK\ODBC\170\Tools\Binn\;C:\Users\3262.343\AppData\Local\Microsoft\WindowsApps;C:\Users\3262.343\AppData\Local\Programs\Microsoft VS Code\bin;C:\Users\3262.343\AppData\Local\Programs\Git\cmd
USERNAME=3262.343
OS=Windows_NT
PROCESSOR_IDENTIFIER=Intel64 Family 6 Model 142 Stepping 9, GenuineIntel



---------------  S Y S T E M  ---------------

OS:
 Windows 10 , 64 bit Build 19041 (10.0.19041.2788)
OS uptime: 15 days 0:28 hours

CPU: total 4 (initial active 4) (2 cores per cpu, 2 threads per core) family 6 model 142 stepping 9 microcode 0xb4, cx8, cmov, fxsr, ht, mmx, 3dnowpref, sse, sse2, sse3, ssse3, sse4.1, sse4.2, popcnt, lzcnt, tsc, tscinvbit, avx, avx2, aes, erms, clmul, bmi1, bmi2, rtm, adx, fma, vzeroupper, clflush, clflushopt

Memory: 4k page, system-wide physical 8030M (2106M free)
TotalPageFile size 9894M (AvailPageFile size 5M)
current process WorkingSet (physical memory assigned to process): 10M, peak: 10M
current process commit charge ("private bytes"): 52M, peak: 178M

vm_info: Java HotSpot(TM) 64-Bit Server VM (18.0.1.1+2-6) for windows-amd64 JRE (18.0.1.1+2-6), built on Apr 25 2022 21:53:15 by "mach5one" with MS VC++ 16.8 / 16.9 (VS2019)

END.
